[2023-09-14T17:16:26.695591+00:00] main.ERROR: Parameter validation failed
#0 C:\xampp\htdocs\magento2\vendor\symfony\console\Command\Command.php(264): Magento\Setup\Console\Command\InstallCommand->initialize()
#1 C:\xampp\htdocs\magento2\vendor\symfony\console\Application.php(1040): Symfony\Component\Console\Command\Command->run()
#2 C:\xampp\htdocs\magento2\vendor\symfony\console\Application.php(301): Symfony\Component\Console\Application->doRunCommand()
#3 C:\xampp\htdocs\magento2\vendor\magento\framework\Console\Cli.php(116): Symfony\Component\Console\Application->doRun()
#4 C:\xampp\htdocs\magento2\vendor\symfony\console\Application.php(171): Magento\Framework\Console\Cli->doRun()
#5 C:\xampp\htdocs\magento2\bin\magento(23): Symfony\Component\Console\Application->run()
#6 {main} [] []
[2023-09-14T17:18:14.882206+00:00] main.ERROR: Unable to apply data patch Magento\Theme\Setup\Patch\Data\RegisterThemes for module Magento_Theme. Original exception message: Wrong file
#0 C:\xampp\htdocs\magento2\setup\src\Magento\Setup\Model\Installer.php(1097): Magento\Framework\Setup\Patch\PatchApplier->applyDataPatch()
#1 C:\xampp\htdocs\magento2\setup\src\Magento\Setup\Model\Installer.php(963): Magento\Setup\Model\Installer->handleDBSchemaData()
#2 [internal function]: Magento\Setup\Model\Installer->installDataFixtures()
#3 C:\xampp\htdocs\magento2\setup\src\Magento\Setup\Model\Installer.php(388): call_user_func_array()
#4 C:\xampp\htdocs\magento2\setup\src\Magento\Setup\Console\Command\InstallCommand.php(237): Magento\Setup\Model\Installer->install()
#5 C:\xampp\htdocs\magento2\vendor\symfony\console\Command\Command.php(298): Magento\Setup\Console\Command\InstallCommand->execute()
#6 C:\xampp\htdocs\magento2\vendor\symfony\console\Application.php(1040): Symfony\Component\Console\Command\Command->run()
#7 C:\xampp\htdocs\magento2\vendor\symfony\console\Application.php(301): Symfony\Component\Console\Application->doRunCommand()
#8 C:\xampp\htdocs\magento2\vendor\magento\framework\Console\Cli.php(116): Symfony\Component\Console\Application->doRun()
#9 C:\xampp\htdocs\magento2\vendor\symfony\console\Application.php(171): Magento\Framework\Console\Cli->doRun()
#10 C:\xampp\htdocs\magento2\bin\magento(23): Symfony\Component\Console\Application->run()
#11 {main} [] []
[2023-09-14T17:22:18.946278+00:00] main.CRITICAL: Invalid template file: 'C:/xampp/htdocs/magento2/vendor/magento/module-theme/view/frontend/templates/page/js/require_js.phtml' in module: '' block's name: 'require.js' [] []
[2023-09-14T17:22:19.001186+00:00] main.CRITICAL: Invalid template file: 'C:/xampp/htdocs/magento2/vendor/magento/module-theme/view/frontend/templates/html/container.phtml' in module: '' block's name: 'head.additional' [] []
[2023-09-14T17:22:19.038463+00:00] main.CRITICAL: Invalid template file: 'C:/xampp/htdocs/magento2/vendor/magento/module-catalog/view/base/templates/js/components.phtml' in module: '' block's name: 'head.components' [] []
[2023-09-14T17:22:19.039592+00:00] main.CRITICAL: Invalid template file: 'C:/xampp/htdocs/magento2/vendor/magento/module-theme/view/frontend/templates/js/cookie_status.phtml' in module: '' block's name: 'cookie-status-check' [] []
[2023-09-14T17:22:19.040685+00:00] main.CRITICAL: Invalid template file: 'C:/xampp/htdocs/magento2/vendor/magento/module-theme/view/frontend/templates/js/cookie.phtml' in module: '' block's name: 'js_cookies' [] []
[2023-09-14T17:22:19.041595+00:00] main.CRITICAL: Invalid template file: 'C:/xampp/htdocs/magento2/vendor/magento/module-theme/view/frontend/templates/html/notices.phtml' in module: 'Magento_Theme' block's name: 'global_notices' [] []
[2023-09-14T17:22:19.042939+00:00] main.CRITICAL: Invalid template file: 'C:/xampp/htdocs/magento2/vendor/magento/module-cookie/view/frontend/templates/html/notices.phtml' in module: 'Magento_Cookie' block's name: 'cookie_notices' [] []
[2023-09-14T17:22:19.044460+00:00] main.CRITICAL: Invalid template file: 'C:/xampp/htdocs/magento2/vendor/magento/module-cookie/view/base/templates/html/cookie.phtml' in module: '' block's name: 'cookie_config' [] []
[2023-09-14T17:22:19.046580+00:00] main.CRITICAL: Invalid template file: 'C:/xampp/htdocs/magento2/vendor/magento/module-ui/view/base/templates/logger.phtml' in module: 'Magento_Ui' block's name: 'logger' [] []
[2023-09-14T17:22:19.047981+00:00] main.CRITICAL: Invalid template file: 'C:/xampp/htdocs/magento2/vendor/magento/module-ui/view/base/templates/wysiwyg/active_editor.phtml' in module: 'Magento_Ui' block's name: 'theme.active.editor' [] []
[2023-09-14T17:22:19.049676+00:00] main.CRITICAL: Invalid template file: 'C:/xampp/htdocs/magento2/vendor/magento/module-login-as-customer-frontend-ui/view/frontend/templates/html/notices.phtml' in module: '' block's name: 'login-as-customer-notice' [] []
[2023-09-14T17:22:19.051152+00:00] main.CRITICAL: Invalid template file: 'C:/xampp/htdocs/magento2/vendor/magento/module-page-builder/view/base/templates/googlemaps.phtml' in module: 'Magento_PageBuilder' block's name: 'google.maps.api' [] []
[2023-09-14T17:22:19.052742+00:00] main.CRITICAL: Invalid template file: 'C:/xampp/htdocs/magento2/vendor/magento/module-theme/view/frontend/templates/html/skip.phtml' in module: '' block's name: 'skip_to_content' [] []
[2023-09-14T17:22:19.054000+00:00] main.CRITICAL: Invalid template file: 'C:/xampp/htdocs/magento2/vendor/magento/module-directory/view/frontend/templates/currency.phtml' in module: 'Magento_Directory' block's name: 'currency' [] []
[2023-09-14T17:22:19.055349+00:00] main.CRITICAL: Invalid template file: 'C:/xampp/htdocs/magento2/vendor/magento/module-store/view/frontend/templates/switch/languages.phtml' in module: 'Magento_Store' block's name: 'store_language' [] []
[2023-09-14T17:22:19.056355+00:00] main.CRITICAL: Invalid template file: 'C:/xampp/htdocs/magento2/vendor/magento/module-theme/view/frontend/templates/html/header.phtml' in module: 'Magento_Theme' block's name: 'header' [] []
[2023-09-14T17:22:19.057685+00:00] main.CRITICAL: Invalid template file: 'C:/xampp/htdocs/magento2/vendor/magento/module-customer/view/frontend/templates/account/customer.phtml' in module: 'Magento_Customer' block's name: 'customer' [] []
[2023-09-14T17:22:19.058705+00:00] main.CRITICAL: Invalid template file: 'C:/xampp/htdocs/magento2/vendor/magento/module-customer/view/frontend/templates/account/link/authorization.phtml' in module: 'Magento_Customer' block's name: 'authorization-link-login' [] []
[2023-09-14T17:22:19.060845+00:00] main.CRITICAL: Invalid template file: 'C:/xampp/htdocs/magento2/vendor/magento/module-theme/view/frontend/templates/html/header/logo.phtml' in module: 'Magento_Theme' block's name: 'logo' [] []
[2023-09-14T17:22:19.062346+00:00] main.CRITICAL: Invalid template file: 'C:/xampp/htdocs/magento2/vendor/magento/module-checkout/view/frontend/templates/cart/minicart.phtml' in module: 'Magento_Checkout' block's name: 'minicart' [] []
[2023-09-14T17:22:19.063594+00:00] main.CRITICAL: Invalid template file: 'C:/xampp/htdocs/magento2/vendor/magento/module-search/view/frontend/templates/form.mini.phtml' in module: '' block's name: 'top.search' [] []
[2023-09-14T17:22:19.064837+00:00] main.CRITICAL: Invalid template file: 'C:/xampp/htdocs/magento2/vendor/magento/module-catalog/view/frontend/templates/product/compare/link.phtml' in module: '' block's name: 'catalog.compare.link' [] []
[2023-09-14T17:22:19.066184+00:00] main.CRITICAL: Invalid template file: 'C:/xampp/htdocs/magento2/vendor/magento/module-theme/view/frontend/templates/html/sections.phtml' in module: '' block's name: 'navigation.sections' [] []
[2023-09-14T17:22:19.067803+00:00] main.CRITICAL: Invalid template file: 'C:/xampp/htdocs/magento2/vendor/magento/module-theme/view/frontend/templates/html/breadcrumbs.phtml' in module: 'Magento_Theme' block's name: 'breadcrumbs' [] []
[2023-09-14T17:22:19.068857+00:00] main.CRITICAL: Invalid template file: 'C:/xampp/htdocs/magento2/vendor/magento/module-theme/view/frontend/templates/html/skiptarget.phtml' in module: '' block's name: 'skip_to_content.target' [] []
[2023-09-14T17:22:19.069764+00:00] main.CRITICAL: Invalid template file: 'C:/xampp/htdocs/magento2/vendor/magento/module-theme/view/frontend/templates/html/title.phtml' in module: 'Magento_Theme' block's name: 'page.main.title' [] []
[2023-09-14T17:22:19.070724+00:00] main.CRITICAL: Invalid template file: 'C:/xampp/htdocs/magento2/vendor/magento/module-theme/view/frontend/templates/html/messages.phtml' in module: '' block's name: 'ajax.message.placeholder' [] []
[2023-09-14T17:22:19.071622+00:00] main.CRITICAL: Invalid template file: 'C:/xampp/htdocs/magento2/vendor/magento/module-theme/view/frontend/templates/messages.phtml' in module: '' block's name: 'messages' [] []
[2023-09-14T17:22:19.073196+00:00] main.CRITICAL: Invalid template file: 'C:/xampp/htdocs/magento2/vendor/magento/module-customer/view/frontend/templates/account/authentication-popup.phtml' in module: 'Magento_Customer' block's name: 'authentication-popup' [] []
[2023-09-14T17:22:19.074214+00:00] main.CRITICAL: Invalid template file: 'C:/xampp/htdocs/magento2/vendor/magento/module-customer/view/frontend/templates/js/section-config.phtml' in module: 'Magento_Customer' block's name: 'customer.section.config' [] []
[2023-09-14T17:22:19.075118+00:00] main.CRITICAL: Invalid template file: 'C:/xampp/htdocs/magento2/vendor/magento/module-customer/view/frontend/templates/js/customer-data.phtml' in module: 'Magento_Customer' block's name: 'customer.customer.data' [] []
[2023-09-14T17:22:19.076128+00:00] main.CRITICAL: Invalid template file: 'C:/xampp/htdocs/magento2/vendor/magento/module-customer/view/frontend/templates/js/customer-data/invalidation-rules.phtml' in module: 'Magento_Customer' block's name: 'customer.data.invalidation.rules' [] []
[2023-09-14T17:22:19.077663+00:00] main.CRITICAL: Invalid template file: 'C:/xampp/htdocs/magento2/vendor/magento/module-page-cache/view/frontend/templates/javascript.phtml' in module: 'Magento_PageCache' block's name: 'pageCache' [] []
[2023-09-14T17:22:19.079558+00:00] main.CRITICAL: Invalid template file: 'C:/xampp/htdocs/magento2/vendor/magento/module-msrp/view/frontend/templates/popup.phtml' in module: 'Magento_Msrp' block's name: 'product.tooltip' [] []
[2023-09-14T17:22:19.468074+00:00] main.CRITICAL: Invalid template file: 'C:/xampp/htdocs/magento2/vendor/magento/module-newsletter/view/frontend/templates/subscribe.phtml' in module: 'Magento_Newsletter' block's name: 'form.subscribe' [] []
[2023-09-14T17:22:19.471948+00:00] main.CRITICAL: Invalid template file: 'C:/xampp/htdocs/magento2/vendor/magento/module-store/view/frontend/templates/switch/stores.phtml' in module: 'Magento_Store' block's name: 'store_switcher' [] []
[2023-09-14T17:22:19.473514+00:00] main.CRITICAL: Invalid template file: 'C:/xampp/htdocs/magento2/vendor/magento/module-catalog/view/frontend/templates/frontend_storage_manager.phtml' in module: 'Magento_Catalog' block's name: 'frontend-storage-manager' [] []
[2023-09-14T17:22:19.475657+00:00] main.CRITICAL: Invalid template file: 'C:/xampp/htdocs/magento2/vendor/magento/module-theme/view/frontend/templates/html/absolute_footer.phtml' in module: 'Magento_Theme' block's name: 'absolute_footer' [] []
[2023-09-14T17:22:19.487287+00:00] main.CRITICAL: Invalid template file: 'C:/xampp/htdocs/magento2/vendor/magento/module-theme/view/frontend/templates/html/copyright.phtml' in module: 'Magento_Theme' block's name: 'copyright' [] []
[2023-09-14T17:22:21.038149+00:00] main.ERROR: Requested path frontend/Magento/luma/en_US/fonts/opensans/light/opensans-300.woff2 is wrong. [] []
[2023-09-14T17:22:21.039506+00:00] main.ERROR: Requested path frontend/Magento/luma/en_US/mage/calendar.css is wrong. [] []
[2023-09-14T17:22:21.040640+00:00] main.CRITICAL: Requested path frontend/Magento/luma/en_US/mage/calendar.css is wrong. [] []
[2023-09-14T17:22:21.043325+00:00] main.CRITICAL: Requested path frontend/Magento/luma/en_US/fonts/opensans/light/opensans-300.woff2 is wrong. [] []
[2023-09-14T17:22:21.062786+00:00] main.ERROR: Requested path frontend/Magento/luma/en_US/css/styles-m.css is wrong. [] []
[2023-09-14T17:22:21.063940+00:00] main.CRITICAL: Requested path frontend/Magento/luma/en_US/css/styles-m.css is wrong. [] []
[2023-09-14T17:22:21.079223+00:00] main.ERROR: Requested path frontend/Magento/luma/en_US/requirejs/require.js is wrong. [] []
[2023-09-14T17:22:21.080390+00:00] main.CRITICAL: Requested path frontend/Magento/luma/en_US/requirejs/require.js is wrong. [] []
[2023-09-14T17:22:21.094490+00:00] main.ERROR: Requested path frontend/Magento/luma/en_US/css/styles-l.css is wrong. [] []
[2023-09-14T17:22:21.095687+00:00] main.CRITICAL: Requested path frontend/Magento/luma/en_US/css/styles-l.css is wrong. [] []
[2023-09-14T17:22:21.102821+00:00] main.ERROR: Requested path frontend/Magento/luma/en_US/mage/requirejs/mixins.js is wrong. [] []
[2023-09-14T17:22:21.104028+00:00] main.CRITICAL: Requested path frontend/Magento/luma/en_US/mage/requirejs/mixins.js is wrong. [] []
[2023-09-14T17:22:21.579423+00:00] main.ERROR: Requested path frontend/Magento/luma/en_US/fonts/opensans/regular/opensans-400.woff2 is wrong. [] []
[2023-09-14T17:22:21.580344+00:00] main.CRITICAL: Requested path frontend/Magento/luma/en_US/fonts/opensans/regular/opensans-400.woff2 is wrong. [] []
[2023-09-14T17:22:21.704889+00:00] main.ERROR: Requested path frontend/Magento/luma/en_US/fonts/Luma-Icons.woff2 is wrong. [] []
[2023-09-14T17:22:21.705809+00:00] main.CRITICAL: Requested path frontend/Magento/luma/en_US/fonts/Luma-Icons.woff2 is wrong. [] []
[2023-09-14T17:22:21.734805+00:00] main.ERROR: Requested path frontend/Magento/luma/en_US/fonts/opensans/bold/opensans-700.woff2 is wrong. [] []
[2023-09-14T17:22:21.735689+00:00] main.CRITICAL: Requested path frontend/Magento/luma/en_US/fonts/opensans/bold/opensans-700.woff2 is wrong. [] []
[2023-09-14T17:22:21.792103+00:00] main.ERROR: Requested path frontend/Magento/luma/en_US/fonts/opensans/semibold/opensans-600.woff2 is wrong. [] []
[2023-09-14T17:22:21.792432+00:00] main.ERROR: Requested path frontend/Magento/luma/en_US/mage/requirejs/mixins.js is wrong. [] []
[2023-09-14T17:22:21.793316+00:00] main.CRITICAL: Requested path frontend/Magento/luma/en_US/fonts/opensans/semibold/opensans-600.woff2 is wrong. [] []
[2023-09-14T17:22:21.793798+00:00] main.CRITICAL: Requested path frontend/Magento/luma/en_US/mage/requirejs/mixins.js is wrong. [] []
[2023-09-14T17:22:21.811752+00:00] main.ERROR: Requested path frontend/Magento/luma/en_US/css/print.css is wrong. [] []
[2023-09-14T17:22:21.815577+00:00] main.CRITICAL: Requested path frontend/Magento/luma/en_US/css/print.css is wrong. [] []
[2023-09-14T17:22:22.197756+00:00] main.ERROR: Requested path frontend/Magento/luma/en_US/Magento_Theme/favicon.ico is wrong. [] []
[2023-09-14T17:22:22.198617+00:00] main.CRITICAL: Requested path frontend/Magento/luma/en_US/Magento_Theme/favicon.ico is wrong. [] []
[2023-09-14T17:23:34.876907+00:00] main.ERROR: Requested path frontend/Magento/luma/en_US/mage/calendar.css is wrong. [] []
[2023-09-14T17:23:34.877856+00:00] main.CRITICAL: Requested path frontend/Magento/luma/en_US/mage/calendar.css is wrong. [] []
[2023-09-14T17:23:34.896421+00:00] main.ERROR: Requested path frontend/Magento/luma/en_US/requirejs/require.js is wrong. [] []
[2023-09-14T17:23:34.897284+00:00] main.CRITICAL: Requested path frontend/Magento/luma/en_US/requirejs/require.js is wrong. [] []
[2023-09-14T17:23:34.913267+00:00] main.ERROR: Requested path frontend/Magento/luma/en_US/css/styles-l.css is wrong. [] []
[2023-09-14T17:23:34.929213+00:00] main.CRITICAL: Requested path frontend/Magento/luma/en_US/css/styles-l.css is wrong. [] []
[2023-09-14T17:23:34.943027+00:00] main.ERROR: Requested path frontend/Magento/luma/en_US/css/styles-m.css is wrong. [] []
[2023-09-14T17:23:34.943257+00:00] main.ERROR: Requested path frontend/Magento/luma/en_US/mage/requirejs/mixins.js is wrong. [] []
[2023-09-14T17:23:34.943897+00:00] main.CRITICAL: Requested path frontend/Magento/luma/en_US/css/styles-m.css is wrong. [] []
[2023-09-14T17:23:34.944125+00:00] main.CRITICAL: Requested path frontend/Magento/luma/en_US/mage/requirejs/mixins.js is wrong. [] []
[2023-09-14T17:23:35.163787+00:00] main.ERROR: Requested path frontend/Magento/luma/en_US/fonts/opensans/light/opensans-300.woff2 is wrong. [] []
[2023-09-14T17:23:35.164743+00:00] main.CRITICAL: Requested path frontend/Magento/luma/en_US/fonts/opensans/light/opensans-300.woff2 is wrong. [] []
[2023-09-14T17:23:35.440343+00:00] main.ERROR: Requested path frontend/Magento/luma/en_US/fonts/opensans/semibold/opensans-600.woff2 is wrong. [] []
[2023-09-14T17:23:35.441598+00:00] main.CRITICAL: Requested path frontend/Magento/luma/en_US/fonts/opensans/semibold/opensans-600.woff2 is wrong. [] []
[2023-09-14T17:23:35.448152+00:00] main.ERROR: Requested path frontend/Magento/luma/en_US/fonts/opensans/regular/opensans-400.woff2 is wrong. [] []
[2023-09-14T17:23:35.449013+00:00] main.CRITICAL: Requested path frontend/Magento/luma/en_US/fonts/opensans/regular/opensans-400.woff2 is wrong. [] []
[2023-09-14T17:23:35.451334+00:00] main.ERROR: Requested path frontend/Magento/luma/en_US/css/print.css is wrong. [] []
[2023-09-14T17:23:35.452184+00:00] main.CRITICAL: Requested path frontend/Magento/luma/en_US/css/print.css is wrong. [] []
[2023-09-14T17:23:35.484698+00:00] main.ERROR: Requested path frontend/Magento/luma/en_US/fonts/Luma-Icons.woff2 is wrong. [] []
[2023-09-14T17:23:35.485595+00:00] main.CRITICAL: Requested path frontend/Magento/luma/en_US/fonts/Luma-Icons.woff2 is wrong. [] []
[2023-09-14T17:23:35.509048+00:00] main.ERROR: Requested path frontend/Magento/luma/en_US/fonts/opensans/bold/opensans-700.woff2 is wrong. [] []
[2023-09-14T17:23:35.511410+00:00] main.CRITICAL: Requested path frontend/Magento/luma/en_US/fonts/opensans/bold/opensans-700.woff2 is wrong. [] []
[2023-09-14T17:23:35.878966+00:00] main.ERROR: Requested path frontend/Magento/luma/en_US/Magento_Theme/favicon.ico is wrong. [] []
[2023-09-14T17:23:35.879875+00:00] main.CRITICAL: Requested path frontend/Magento/luma/en_US/Magento_Theme/favicon.ico is wrong. [] []
[2023-09-14T17:24:10.384244+00:00] main.ERROR: Requested path frontend/Magento/luma/en_US/requirejs/require.js is wrong. [] []
[2023-09-14T17:24:10.385272+00:00] main.CRITICAL: Requested path frontend/Magento/luma/en_US/requirejs/require.js is wrong. [] []
[2023-09-14T17:24:10.396766+00:00] main.ERROR: Requested path frontend/Magento/luma/en_US/css/styles-l.css is wrong. [] []
[2023-09-14T17:24:10.397681+00:00] main.CRITICAL: Requested path frontend/Magento/luma/en_US/css/styles-l.css is wrong. [] []
[2023-09-14T17:24:10.401835+00:00] main.ERROR: Requested path frontend/Magento/luma/en_US/css/styles-m.css is wrong. [] []
[2023-09-14T17:24:10.402714+00:00] main.CRITICAL: Requested path frontend/Magento/luma/en_US/css/styles-m.css is wrong. [] []
[2023-09-14T17:24:10.439803+00:00] main.ERROR: Requested path frontend/Magento/luma/en_US/fonts/opensans/light/opensans-300.woff2 is wrong. [] []
[2023-09-14T17:24:10.440723+00:00] main.CRITICAL: Requested path frontend/Magento/luma/en_US/fonts/opensans/light/opensans-300.woff2 is wrong. [] []
[2023-09-14T17:24:10.463685+00:00] main.ERROR: Requested path frontend/Magento/luma/en_US/mage/calendar.css is wrong. [] []
[2023-09-14T17:24:10.464611+00:00] main.CRITICAL: Requested path frontend/Magento/luma/en_US/mage/calendar.css is wrong. [] []
[2023-09-14T17:24:10.508032+00:00] main.ERROR: Requested path frontend/Magento/luma/en_US/mage/requirejs/mixins.js is wrong. [] []
[2023-09-14T17:24:10.508886+00:00] main.CRITICAL: Requested path frontend/Magento/luma/en_US/mage/requirejs/mixins.js is wrong. [] []
[2023-09-14T17:24:10.960554+00:00] main.ERROR: Requested path frontend/Magento/luma/en_US/fonts/opensans/regular/opensans-400.woff2 is wrong. [] []
[2023-09-14T17:24:10.963065+00:00] main.CRITICAL: Requested path frontend/Magento/luma/en_US/fonts/opensans/regular/opensans-400.woff2 is wrong. [] []
[2023-09-14T17:24:11.014195+00:00] main.ERROR: Requested path frontend/Magento/luma/en_US/fonts/Luma-Icons.woff2 is wrong. [] []
[2023-09-14T17:24:11.015171+00:00] main.CRITICAL: Requested path frontend/Magento/luma/en_US/fonts/Luma-Icons.woff2 is wrong. [] []
[2023-09-14T17:24:11.026333+00:00] main.ERROR: Requested path frontend/Magento/luma/en_US/fonts/opensans/semibold/opensans-600.woff2 is wrong. [] []
[2023-09-14T17:24:11.027419+00:00] main.CRITICAL: Requested path frontend/Magento/luma/en_US/fonts/opensans/semibold/opensans-600.woff2 is wrong. [] []
[2023-09-14T17:24:11.037644+00:00] main.ERROR: Requested path frontend/Magento/luma/en_US/fonts/opensans/bold/opensans-700.woff2 is wrong. [] []
[2023-09-14T17:24:11.038498+00:00] main.CRITICAL: Requested path frontend/Magento/luma/en_US/fonts/opensans/bold/opensans-700.woff2 is wrong. [] []
[2023-09-14T17:24:11.140277+00:00] main.ERROR: Requested path frontend/Magento/luma/en_US/css/print.css is wrong. [] []
[2023-09-14T17:24:11.141185+00:00] main.CRITICAL: Requested path frontend/Magento/luma/en_US/css/print.css is wrong. [] []
[2023-09-14T17:25:08.936096+00:00] main.WARNING: Memory size allocated for the temporary table is more than 20% of innodb_buffer_pool_size. Please update innodb_buffer_pool_size or decrease batch size value (which decreases memory usages for the temporary table). Current batch size: 5000; Allocated memory size: 4000000 bytes; InnoDB buffer pool size: 16777216 bytes. [] []
[2023-09-14T17:25:08.939504+00:00] main.WARNING: Memory size allocated for the temporary table is more than 20% of innodb_buffer_pool_size. Please update innodb_buffer_pool_size or decrease batch size value (which decreases memory usages for the temporary table). Current batch size: 5000; Allocated memory size: 4000000 bytes; InnoDB buffer pool size: 16777216 bytes. [] []
[2023-09-14T17:25:08.942214+00:00] main.WARNING: Memory size allocated for the temporary table is more than 20% of innodb_buffer_pool_size. Please update innodb_buffer_pool_size or decrease batch size value (which decreases memory usages for the temporary table). Current batch size: 5000; Allocated memory size: 4000000 bytes; InnoDB buffer pool size: 16777216 bytes. [] []
[2023-09-14T17:26:19.582708+00:00] main.ERROR: Requested path frontend/Magento/luma/en_US/mage/requirejs/mixins.js is wrong. [] []
[2023-09-14T17:26:19.583933+00:00] main.CRITICAL: Requested path frontend/Magento/luma/en_US/mage/requirejs/mixins.js is wrong. [] []
[2023-09-14T17:26:19.591262+00:00] main.ERROR: Requested path frontend/Magento/luma/en_US/requirejs/require.js is wrong. [] []
[2023-09-14T17:26:19.607216+00:00] main.CRITICAL: Requested path frontend/Magento/luma/en_US/requirejs/require.js is wrong. [] []
[2023-09-14T17:26:19.643114+00:00] main.ERROR: Requested path frontend/Magento/luma/en_US/mage/calendar.css is wrong. [] []
[2023-09-14T17:26:19.644268+00:00] main.CRITICAL: Requested path frontend/Magento/luma/en_US/mage/calendar.css is wrong. [] []
[2023-09-14T17:26:19.678195+00:00] main.ERROR: Requested path frontend/Magento/luma/en_US/css/styles-l.css is wrong. [] []
[2023-09-14T17:26:19.679353+00:00] main.CRITICAL: Requested path frontend/Magento/luma/en_US/css/styles-l.css is wrong. [] []
[2023-09-14T17:26:19.737249+00:00] main.ERROR: Requested path frontend/Magento/luma/en_US/css/styles-m.css is wrong. [] []
[2023-09-14T17:26:19.738487+00:00] main.CRITICAL: Requested path frontend/Magento/luma/en_US/css/styles-m.css is wrong. [] []
[2023-09-14T17:26:19.884544+00:00] main.ERROR: Requested path frontend/Magento/luma/en_US/fonts/opensans/light/opensans-300.woff2 is wrong. [] []
[2023-09-14T17:26:19.885760+00:00] main.CRITICAL: Requested path frontend/Magento/luma/en_US/fonts/opensans/light/opensans-300.woff2 is wrong. [] []
[2023-09-14T17:26:20.147559+00:00] main.ERROR: Requested path frontend/Magento/luma/en_US/fonts/opensans/regular/opensans-400.woff2 is wrong. [] []
[2023-09-14T17:26:20.148542+00:00] main.CRITICAL: Requested path frontend/Magento/luma/en_US/fonts/opensans/regular/opensans-400.woff2 is wrong. [] []
[2023-09-14T17:26:20.264949+00:00] main.ERROR: Requested path frontend/Magento/luma/en_US/fonts/Luma-Icons.woff2 is wrong. [] []
[2023-09-14T17:26:20.265881+00:00] main.CRITICAL: Requested path frontend/Magento/luma/en_US/fonts/Luma-Icons.woff2 is wrong. [] []
[2023-09-14T17:26:20.282717+00:00] main.ERROR: Requested path frontend/Magento/luma/en_US/fonts/opensans/bold/opensans-700.woff2 is wrong. [] []
[2023-09-14T17:26:20.283647+00:00] main.CRITICAL: Requested path frontend/Magento/luma/en_US/fonts/opensans/bold/opensans-700.woff2 is wrong. [] []
[2023-09-14T17:26:20.295053+00:00] main.ERROR: Requested path frontend/Magento/luma/en_US/fonts/opensans/semibold/opensans-600.woff2 is wrong. [] []
[2023-09-14T17:26:20.295947+00:00] main.CRITICAL: Requested path frontend/Magento/luma/en_US/fonts/opensans/semibold/opensans-600.woff2 is wrong. [] []
[2023-09-14T17:26:20.367462+00:00] main.ERROR: Requested path frontend/Magento/luma/en_US/css/print.css is wrong. [] []
[2023-09-14T17:26:20.368421+00:00] main.CRITICAL: Requested path frontend/Magento/luma/en_US/css/print.css is wrong. [] []
[2023-09-14T17:26:20.432518+00:00] main.ERROR: Requested path frontend/Magento/luma/en_US/images/logo.svg is wrong. [] []
[2023-09-14T17:26:20.433420+00:00] main.CRITICAL: Requested path frontend/Magento/luma/en_US/images/logo.svg is wrong. [] []
[2023-09-14T17:26:20.800950+00:00] main.ERROR: Requested path frontend/Magento/luma/en_US/Magento_Theme/favicon.ico is wrong. [] []
[2023-09-14T17:26:20.801796+00:00] main.CRITICAL: Requested path frontend/Magento/luma/en_US/Magento_Theme/favicon.ico is wrong. [] []
[2023-09-14T17:29:29.170495+00:00] main.INFO: Item Magento_Backend::system_currency was removed [] []
[2023-09-14T17:29:29.227025+00:00] main.INFO: Add of item with id Magento_Config::system_config was processed [] []
[2023-09-14T17:29:29.227383+00:00] main.INFO: Add of item with id Magento_AdminNotification::system_adminnotification was processed [] []
[2023-09-14T17:29:29.227651+00:00] main.INFO: Add of item with id Magento_Theme::design_config was processed [] []
[2023-09-14T17:29:29.227883+00:00] main.INFO: Add of item with id Magento_Theme::system_design_theme was processed [] []
[2023-09-14T17:29:29.228099+00:00] main.INFO: Add of item with id Magento_Backend::system_design_schedule was processed [] []
[2023-09-14T17:29:29.228310+00:00] main.INFO: Add of item with id Magento_Backend::system_store was processed [] []
[2023-09-14T17:29:29.228518+00:00] main.INFO: Add of item with id Magento_Backend::dashboard was processed [] []
[2023-09-14T17:29:29.228723+00:00] main.INFO: Add of item with id Magento_Backend::system was processed [] []
[2023-09-14T17:29:29.228950+00:00] main.INFO: Add of item with id Magento_Backend::system_tools was processed [] []
[2023-09-14T17:29:29.229264+00:00] main.INFO: Add of item with id Magento_Backend::system_design was processed [] []
[2023-09-14T17:29:29.229535+00:00] main.INFO: Add of item with id Magento_Backend::system_convert was processed [] []
[2023-09-14T17:29:29.229872+00:00] main.INFO: Add of item with id Magento_Backend::system_cache was processed [] []
[2023-09-14T17:29:29.230183+00:00] main.INFO: Add of item with id Magento_Backend::marketing was processed [] []
[2023-09-14T17:29:29.230463+00:00] main.INFO: Add of item with id Magento_Backend::marketing_communications was processed [] []
[2023-09-14T17:29:29.230684+00:00] main.INFO: Add of item with id Magento_Backend::marketing_seo was processed [] []
[2023-09-14T17:29:29.230899+00:00] main.INFO: Add of item with id Magento_Backend::marketing_user_content was processed [] []
[2023-09-14T17:29:29.231161+00:00] main.INFO: Add of item with id Magento_Backend::content was processed [] []
[2023-09-14T17:29:29.231381+00:00] main.INFO: Add of item with id Magento_Backend::content_elements was processed [] []
[2023-09-14T17:29:29.231596+00:00] main.INFO: Add of item with id Magento_Backend::stores was processed [] []
[2023-09-14T17:29:29.231819+00:00] main.INFO: Add of item with id Magento_Backend::stores_settings was processed [] []
[2023-09-14T17:29:29.232025+00:00] main.INFO: Add of item with id Magento_Backend::stores_attributes was processed [] []
[2023-09-14T17:29:29.232224+00:00] main.INFO: Add of item with id Magento_Backend::other_settings was processed [] []
[2023-09-14T17:29:29.232425+00:00] main.INFO: Add of item with id Magento_Backend::system_other_settings was processed [] []
[2023-09-14T17:29:29.232624+00:00] main.INFO: Add of item with id Magento_User::system_acl was processed [] []
[2023-09-14T17:29:29.232880+00:00] main.INFO: Add of item with id Magento_User::system_acl_users was processed [] []
[2023-09-14T17:29:29.233090+00:00] main.INFO: Add of item with id Magento_User::system_acl_roles was processed [] []
[2023-09-14T17:29:29.233290+00:00] main.INFO: Add of item with id Magento_User::system_acl_locks was processed [] []
[2023-09-14T17:29:29.233486+00:00] main.INFO: Add of item with id Magento_Customer::customer was processed [] []
[2023-09-14T17:29:29.233708+00:00] main.INFO: Add of item with id Magento_Customer::customer_manage was processed [] []
[2023-09-14T17:29:29.233914+00:00] main.INFO: Add of item with id Magento_Customer::customer_online was processed [] []
[2023-09-14T17:29:29.234113+00:00] main.INFO: Add of item with id Magento_Customer::customer_group was processed [] []
[2023-09-14T17:29:29.234311+00:00] main.INFO: Add of item with id Magento_Backup::system_tools_backup was processed [] []
[2023-09-14T17:29:29.234510+00:00] main.INFO: Add of item with id Magento_Indexer::system_index was processed [] []
[2023-09-14T17:29:29.234708+00:00] main.INFO: Add of item with id Magento_Variable::system_variable was processed [] []
[2023-09-14T17:29:29.234929+00:00] main.INFO: Add of item with id Magento_Cms::cms_page was processed [] []
[2023-09-14T17:29:29.235134+00:00] main.INFO: Add of item with id Magento_Cms::cms_block was processed [] []
[2023-09-14T17:29:29.235356+00:00] main.INFO: Add of item with id Magento_Search::search_terms was processed [] []
[2023-09-14T17:29:29.235560+00:00] main.INFO: Add of item with id Magento_Search::search_synonyms was processed [] []
[2023-09-14T17:29:29.235758+00:00] main.INFO: Add of item with id Magento_Catalog::catalog was processed [] []
[2023-09-14T17:29:29.235979+00:00] main.INFO: Add of item with id Magento_Catalog::catalog_products was processed [] []
[2023-09-14T17:29:29.236184+00:00] main.INFO: Add of item with id Magento_Catalog::catalog_categories was processed [] []
[2023-09-14T17:29:29.236407+00:00] main.INFO: Add of item with id Magento_Catalog::catalog_attributes_attributes was processed [] []
[2023-09-14T17:29:29.236614+00:00] main.INFO: Add of item with id Magento_Catalog::catalog_attributes_sets was processed [] []
[2023-09-14T17:29:29.236838+00:00] main.INFO: Add of item with id Magento_Catalog::inventory was processed [] []
[2023-09-14T17:29:29.237044+00:00] main.INFO: Add of item with id Magento_CatalogRule::promo was processed [] []
[2023-09-14T17:29:29.237263+00:00] main.INFO: Add of item with id Magento_CatalogRule::promo_catalog was processed [] []
[2023-09-14T17:29:29.237468+00:00] main.INFO: Add of item with id Magento_MediaGalleryUi::media was processed [] []
[2023-09-14T17:29:29.237690+00:00] main.INFO: Add of item with id Magento_MediaGalleryUi::media_gallery was processed [] []
[2023-09-14T17:29:29.237894+00:00] main.INFO: Add of item with id Magento_Integration::system_extensions was processed [] []
[2023-09-14T17:29:29.238162+00:00] main.INFO: Add of item with id Magento_Integration::system_integrations was processed [] []
[2023-09-14T17:29:29.238846+00:00] main.INFO: Add of item with id Magento_Sales::sales was processed [] []
[2023-09-14T17:29:29.239188+00:00] main.INFO: Add of item with id Magento_Sales::sales_operation was processed [] []
[2023-09-14T17:29:29.239781+00:00] main.INFO: Add of item with id Magento_Sales::sales_order was processed [] []
[2023-09-14T17:29:29.240262+00:00] main.INFO: Add of item with id Magento_Sales::sales_invoice was processed [] []
[2023-09-14T17:29:29.240747+00:00] main.INFO: Add of item with id Magento_Sales::sales_shipment was processed [] []
[2023-09-14T17:29:29.241013+00:00] main.INFO: Add of item with id Magento_Sales::sales_creditmemo was processed [] []
[2023-09-14T17:29:29.241249+00:00] main.INFO: Add of item with id Magento_Sales::sales_transactions was processed [] []
[2023-09-14T17:29:29.241476+00:00] main.INFO: Add of item with id Magento_Sales::system_order_statuses was processed [] []
[2023-09-14T17:29:29.241701+00:00] main.INFO: Add of item with id Magento_Widget::cms_widget_instance was processed [] []
[2023-09-14T17:29:29.242217+00:00] main.INFO: Add of item with id Magento_Analytics::business_intelligence was processed [] []
[2023-09-14T17:29:29.242488+00:00] main.INFO: Add of item with id Magento_Analytics::advanced_reporting was processed [] []
[2023-09-14T17:29:29.242722+00:00] main.INFO: Add of item with id Magento_Analytics::bi_essentials was processed [] []
[2023-09-14T17:29:29.242965+00:00] main.INFO: Add of item with id Magento_Downloadable::report_products_downloads was processed [] []
[2023-09-14T17:29:29.243211+00:00] main.INFO: Add of item with id Magento_ImportExport::system_convert_import was processed [] []
[2023-09-14T17:29:29.243429+00:00] main.INFO: Add of item with id Magento_ImportExport::system_convert_export was processed [] []
[2023-09-14T17:29:29.243639+00:00] main.INFO: Add of item with id Magento_ImportExport::system_convert_history was processed [] []
[2023-09-14T17:29:29.243875+00:00] main.INFO: Add of item with id Magento_Email::template was processed [] []
[2023-09-14T17:29:29.244082+00:00] main.INFO: Add of item with id Magento_EncryptionKey::system_crypt_key was processed [] []
[2023-09-14T17:29:29.244284+00:00] main.INFO: Add of item with id Magento_InventoryAdminUi::inventory was processed [] []
[2023-09-14T17:29:29.244508+00:00] main.INFO: Add of item with id Magento_InventoryAdminUi::source was processed [] []
[2023-09-14T17:29:29.244716+00:00] main.INFO: Add of item with id Magento_InventoryAdminUi::stock was processed [] []
[2023-09-14T17:29:29.244915+00:00] main.INFO: Add of item with id Magento_Reports::report was processed [] []
[2023-09-14T17:29:29.245113+00:00] main.INFO: Add of item with id Magento_Reports::report_marketing was processed [] []
[2023-09-14T17:29:29.245310+00:00] main.INFO: Add of item with id Magento_Reports::report_salesroot was processed [] []
[2023-09-14T17:29:29.245531+00:00] main.INFO: Add of item with id Magento_Reports::report_salesroot_sales was processed [] []
[2023-09-14T17:29:29.245735+00:00] main.INFO: Add of item with id Magento_Reports::report_salesroot_tax was processed [] []
[2023-09-14T17:29:29.245933+00:00] main.INFO: Add of item with id Magento_Reports::report_salesroot_invoiced was processed [] []
[2023-09-14T17:29:29.246129+00:00] main.INFO: Add of item with id Magento_Reports::report_salesroot_shipping was processed [] []
[2023-09-14T17:29:29.246326+00:00] main.INFO: Add of item with id Magento_Reports::report_salesroot_refunded was processed [] []
[2023-09-14T17:29:29.246520+00:00] main.INFO: Add of item with id Magento_Reports::report_salesroot_coupons was processed [] []
[2023-09-14T17:29:29.246739+00:00] main.INFO: Add of item with id Magento_Reports::report_shopcart_product was processed [] []
[2023-09-14T17:29:29.246942+00:00] main.INFO: Add of item with id Magento_Reports::report_shopcart_abandoned was processed [] []
[2023-09-14T17:29:29.247138+00:00] main.INFO: Add of item with id Magento_Reports::report_products was processed [] []
[2023-09-14T17:29:29.247333+00:00] main.INFO: Add of item with id Magento_Reports::report_products_bestsellers was processed [] []
[2023-09-14T17:29:29.247581+00:00] main.INFO: Add of item with id Magento_Reports::report_products_sold was processed [] []
[2023-09-14T17:29:29.247788+00:00] main.INFO: Add of item with id Magento_Reports::report_products_viewed was processed [] []
[2023-09-14T17:29:29.247985+00:00] main.INFO: Add of item with id Magento_Reports::report_products_lowstock was processed [] []
[2023-09-14T17:29:29.248182+00:00] main.INFO: Add of item with id Magento_Reports::report_customers was processed [] []
[2023-09-14T17:29:29.248403+00:00] main.INFO: Add of item with id Magento_Reports::report_customers_accounts was processed [] []
[2023-09-14T17:29:29.248608+00:00] main.INFO: Add of item with id Magento_Reports::report_customers_totals was processed [] []
[2023-09-14T17:29:29.248807+00:00] main.INFO: Add of item with id Magento_Reports::report_customers_orders was processed [] []
[2023-09-14T17:29:29.249003+00:00] main.INFO: Add of item with id Magento_Reports::report_statistics was processed [] []
[2023-09-14T17:29:29.249228+00:00] main.INFO: Add of item with id Magento_Reports::report_statistics_refresh was processed [] []
[2023-09-14T17:29:29.249434+00:00] main.INFO: Add of item with id Magento_Search::report_search_term was processed [] []
[2023-09-14T17:29:29.249633+00:00] main.INFO: Add of item with id Magento_LoginAsCustomerLog::login_log was processed [] []
[2023-09-14T17:29:29.249830+00:00] main.INFO: Add of item with id Magento_Marketplace::partners was processed [] []
[2023-09-14T17:29:29.250027+00:00] main.INFO: Add of item with id Magento_Newsletter::newsletter_template was processed [] []
[2023-09-14T17:29:29.250222+00:00] main.INFO: Add of item with id Magento_Newsletter::newsletter_queue was processed [] []
[2023-09-14T17:29:29.250418+00:00] main.INFO: Add of item with id Magento_Newsletter::newsletter_subscriber was processed [] []
[2023-09-14T17:29:29.250613+00:00] main.INFO: Add of item with id Magento_Newsletter::newsletter_problem was processed [] []
[2023-09-14T17:29:29.250810+00:00] main.INFO: Add of item with id Magento_SalesRule::promo_quote was processed [] []
[2023-09-14T17:29:29.251006+00:00] main.INFO: Add of item with id Magento_Sitemap::catalog_sitemap was processed [] []
[2023-09-14T17:29:29.251204+00:00] main.INFO: Add of item with id Magento_PageBuilder::templates was processed [] []
[2023-09-14T17:29:29.251398+00:00] main.INFO: Add of item with id Magento_Paypal::report_salesroot_paypal_settlement_reports was processed [] []
[2023-09-14T17:29:29.251593+00:00] main.INFO: Add of item with id Magento_Paypal::paypal_billing_agreement was processed [] []
[2023-09-14T17:29:29.251788+00:00] main.INFO: Add of item with id Magento_CheckoutAgreements::sales_checkoutagreement was processed [] []
[2023-09-14T17:29:29.251982+00:00] main.INFO: Add of item with id Magento_Review::catalog_reviews_ratings_ratings was processed [] []
[2023-09-14T17:29:29.252201+00:00] main.INFO: Add of item with id Magento_Review::catalog_reviews_ratings_pending was processed [] []
[2023-09-14T17:29:29.252404+00:00] main.INFO: Add of item with id Magento_Review::catalog_reviews_ratings_reviews_all was processed [] []
[2023-09-14T17:29:29.252599+00:00] main.INFO: Add of item with id Magento_Review::report_review was processed [] []
[2023-09-14T17:29:29.252817+00:00] main.INFO: Add of item with id Magento_Review::report_review_customer was processed [] []
[2023-09-14T17:29:29.253021+00:00] main.INFO: Add of item with id Magento_Review::report_review_product was processed [] []
[2023-09-14T17:29:29.253216+00:00] main.INFO: Add of item with id Magento_UrlRewrite::urlrewrite was processed [] []
[2023-09-14T17:29:29.253411+00:00] main.INFO: Add of item with id Magento_Tax::sales_tax was processed [] []
[2023-09-14T17:29:29.253631+00:00] main.INFO: Add of item with id Magento_Tax::sales_tax_rules was processed [] []
[2023-09-14T17:29:29.253835+00:00] main.INFO: Add of item with id Magento_Tax::sales_tax_rates was processed [] []
[2023-09-14T17:29:29.254031+00:00] main.INFO: Add of item with id Magento_TaxImportExport::system_convert_tax was processed [] []
[2023-09-14T17:29:29.254232+00:00] main.INFO: Add of item with id Magento_AsynchronousOperations::system_magento_logging was processed [] []
[2023-09-14T17:29:29.254455+00:00] main.INFO: Add of item with id Magento_AsynchronousOperations::system_magento_logging_bulk_operations was processed [] []
[2023-09-14T17:29:29.254660+00:00] main.INFO: Add of item with id Magento_CurrencySymbol::system_currency was processed [] []
[2023-09-14T17:29:29.255068+00:00] main.INFO: Add of item with id Magento_CurrencySymbol::system_currency_rates was processed [] []
[2023-09-14T17:29:29.255315+00:00] main.INFO: Add of item with id Magento_CurrencySymbol::system_currency_symbols was processed [] []
[2023-09-14T17:29:29.255708+00:00] main.INFO: Add of item with id PayPal_Braintree::settlement_report was processed [] []
[2023-09-14T17:29:29.255911+00:00] main.INFO: Add of item with id PayPal_Braintree::virtual_terminal was processed [] []
[2023-09-14T17:30:42.498439+00:00] main.INFO: Item Magento_Backend::system_currency was removed [] []
[2023-09-14T17:30:42.507488+00:00] main.INFO: Add of item with id Magento_Config::system_config was processed [] []
[2023-09-14T17:30:42.507805+00:00] main.INFO: Add of item with id Magento_AdminNotification::system_adminnotification was processed [] []
[2023-09-14T17:30:42.508050+00:00] main.INFO: Add of item with id Magento_Theme::design_config was processed [] []
[2023-09-14T17:30:42.508267+00:00] main.INFO: Add of item with id Magento_Theme::system_design_theme was processed [] []
[2023-09-14T17:30:42.508472+00:00] main.INFO: Add of item with id Magento_Backend::system_design_schedule was processed [] []
[2023-09-14T17:30:42.508730+00:00] main.INFO: Add of item with id Magento_Backend::system_store was processed [] []
[2023-09-14T17:30:42.508930+00:00] main.INFO: Add of item with id Magento_Backend::dashboard was processed [] []
[2023-09-14T17:30:42.509126+00:00] main.INFO: Add of item with id Magento_Backend::system was processed [] []
[2023-09-14T17:30:42.509347+00:00] main.INFO: Add of item with id Magento_Backend::system_tools was processed [] []
[2023-09-14T17:30:42.509573+00:00] main.INFO: Add of item with id Magento_Backend::system_design was processed [] []
[2023-09-14T17:30:42.509786+00:00] main.INFO: Add of item with id Magento_Backend::system_convert was processed [] []
[2023-09-14T17:30:42.510006+00:00] main.INFO: Add of item with id Magento_Backend::system_cache was processed [] []
[2023-09-14T17:30:42.510208+00:00] main.INFO: Add of item with id Magento_Backend::marketing was processed [] []
[2023-09-14T17:30:42.510427+00:00] main.INFO: Add of item with id Magento_Backend::marketing_communications was processed [] []
[2023-09-14T17:30:42.510630+00:00] main.INFO: Add of item with id Magento_Backend::marketing_seo was processed [] []
[2023-09-14T17:30:42.510826+00:00] main.INFO: Add of item with id Magento_Backend::marketing_user_content was processed [] []
[2023-09-14T17:30:42.511018+00:00] main.INFO: Add of item with id Magento_Backend::content was processed [] []
[2023-09-14T17:30:42.511213+00:00] main.INFO: Add of item with id Magento_Backend::content_elements was processed [] []
[2023-09-14T17:30:42.511405+00:00] main.INFO: Add of item with id Magento_Backend::stores was processed [] []
[2023-09-14T17:30:42.511620+00:00] main.INFO: Add of item with id Magento_Backend::stores_settings was processed [] []
[2023-09-14T17:30:42.511821+00:00] main.INFO: Add of item with id Magento_Backend::stores_attributes was processed [] []
[2023-09-14T17:30:42.512015+00:00] main.INFO: Add of item with id Magento_Backend::other_settings was processed [] []
[2023-09-14T17:30:42.512208+00:00] main.INFO: Add of item with id Magento_Backend::system_other_settings was processed [] []
[2023-09-14T17:30:42.512399+00:00] main.INFO: Add of item with id Magento_User::system_acl was processed [] []
[2023-09-14T17:30:42.512614+00:00] main.INFO: Add of item with id Magento_User::system_acl_users was processed [] []
[2023-09-14T17:30:42.512814+00:00] main.INFO: Add of item with id Magento_User::system_acl_roles was processed [] []
[2023-09-14T17:30:42.513007+00:00] main.INFO: Add of item with id Magento_User::system_acl_locks was processed [] []
[2023-09-14T17:30:42.513197+00:00] main.INFO: Add of item with id Magento_Customer::customer was processed [] []
[2023-09-14T17:30:42.513414+00:00] main.INFO: Add of item with id Magento_Customer::customer_manage was processed [] []
[2023-09-14T17:30:42.513614+00:00] main.INFO: Add of item with id Magento_Customer::customer_online was processed [] []
[2023-09-14T17:30:42.513808+00:00] main.INFO: Add of item with id Magento_Customer::customer_group was processed [] []
[2023-09-14T17:30:42.514002+00:00] main.INFO: Add of item with id Magento_Backup::system_tools_backup was processed [] []
[2023-09-14T17:30:42.514195+00:00] main.INFO: Add of item with id Magento_Indexer::system_index was processed [] []
[2023-09-14T17:30:42.514442+00:00] main.INFO: Add of item with id Magento_Variable::system_variable was processed [] []
[2023-09-14T17:30:42.514700+00:00] main.INFO: Add of item with id Magento_Cms::cms_page was processed [] []
[2023-09-14T17:30:42.514908+00:00] main.INFO: Add of item with id Magento_Cms::cms_block was processed [] []
[2023-09-14T17:30:42.515129+00:00] main.INFO: Add of item with id Magento_Search::search_terms was processed [] []
[2023-09-14T17:30:42.515331+00:00] main.INFO: Add of item with id Magento_Search::search_synonyms was processed [] []
[2023-09-14T17:30:42.515526+00:00] main.INFO: Add of item with id Magento_Catalog::catalog was processed [] []
[2023-09-14T17:30:42.515743+00:00] main.INFO: Add of item with id Magento_Catalog::catalog_products was processed [] []
[2023-09-14T17:30:42.515944+00:00] main.INFO: Add of item with id Magento_Catalog::catalog_categories was processed [] []
[2023-09-14T17:30:42.516162+00:00] main.INFO: Add of item with id Magento_Catalog::catalog_attributes_attributes was processed [] []
[2023-09-14T17:30:42.516363+00:00] main.INFO: Add of item with id Magento_Catalog::catalog_attributes_sets was processed [] []
[2023-09-14T17:30:42.516579+00:00] main.INFO: Add of item with id Magento_Catalog::inventory was processed [] []
[2023-09-14T17:30:42.516780+00:00] main.INFO: Add of item with id Magento_CatalogRule::promo was processed [] []
[2023-09-14T17:30:42.516996+00:00] main.INFO: Add of item with id Magento_CatalogRule::promo_catalog was processed [] []
[2023-09-14T17:30:42.517197+00:00] main.INFO: Add of item with id Magento_MediaGalleryUi::media was processed [] []
[2023-09-14T17:30:42.517606+00:00] main.INFO: Add of item with id Magento_MediaGalleryUi::media_gallery was processed [] []
[2023-09-14T17:30:42.517939+00:00] main.INFO: Add of item with id Magento_Integration::system_extensions was processed [] []
[2023-09-14T17:30:42.518277+00:00] main.INFO: Add of item with id Magento_Integration::system_integrations was processed [] []
[2023-09-14T17:30:42.518488+00:00] main.INFO: Add of item with id Magento_Sales::sales was processed [] []
[2023-09-14T17:30:42.518715+00:00] main.INFO: Add of item with id Magento_Sales::sales_operation was processed [] []
[2023-09-14T17:30:42.518944+00:00] main.INFO: Add of item with id Magento_Sales::sales_order was processed [] []
[2023-09-14T17:30:42.519149+00:00] main.INFO: Add of item with id Magento_Sales::sales_invoice was processed [] []
[2023-09-14T17:30:42.519347+00:00] main.INFO: Add of item with id Magento_Sales::sales_shipment was processed [] []
[2023-09-14T17:30:42.519543+00:00] main.INFO: Add of item with id Magento_Sales::sales_creditmemo was processed [] []
[2023-09-14T17:30:42.519737+00:00] main.INFO: Add of item with id Magento_Sales::sales_transactions was processed [] []
[2023-09-14T17:30:42.519932+00:00] main.INFO: Add of item with id Magento_Sales::system_order_statuses was processed [] []
[2023-09-14T17:30:42.520125+00:00] main.INFO: Add of item with id Magento_Widget::cms_widget_instance was processed [] []
[2023-09-14T17:30:42.520340+00:00] main.INFO: Add of item with id Magento_Analytics::business_intelligence was processed [] []
[2023-09-14T17:30:42.520565+00:00] main.INFO: Add of item with id Magento_Analytics::advanced_reporting was processed [] []
[2023-09-14T17:30:42.520766+00:00] main.INFO: Add of item with id Magento_Analytics::bi_essentials was processed [] []
[2023-09-14T17:30:42.520984+00:00] main.INFO: Add of item with id Magento_Downloadable::report_products_downloads was processed [] []
[2023-09-14T17:30:42.521206+00:00] main.INFO: Add of item with id Magento_ImportExport::system_convert_import was processed [] []
[2023-09-14T17:30:42.521405+00:00] main.INFO: Add of item with id Magento_ImportExport::system_convert_export was processed [] []
[2023-09-14T17:30:42.521599+00:00] main.INFO: Add of item with id Magento_ImportExport::system_convert_history was processed [] []
[2023-09-14T17:30:42.521815+00:00] main.INFO: Add of item with id Magento_Email::template was processed [] []
[2023-09-14T17:30:42.522048+00:00] main.INFO: Add of item with id Magento_EncryptionKey::system_crypt_key was processed [] []
[2023-09-14T17:30:42.522277+00:00] main.INFO: Add of item with id Magento_InventoryAdminUi::inventory was processed [] []
[2023-09-14T17:30:42.522499+00:00] main.INFO: Add of item with id Magento_InventoryAdminUi::source was processed [] []
[2023-09-14T17:30:42.522701+00:00] main.INFO: Add of item with id Magento_InventoryAdminUi::stock was processed [] []
[2023-09-14T17:30:42.522894+00:00] main.INFO: Add of item with id Magento_Reports::report was processed [] []
[2023-09-14T17:30:42.523087+00:00] main.INFO: Add of item with id Magento_Reports::report_marketing was processed [] []
[2023-09-14T17:30:42.523278+00:00] main.INFO: Add of item with id Magento_Reports::report_salesroot was processed [] []
[2023-09-14T17:30:42.523493+00:00] main.INFO: Add of item with id Magento_Reports::report_salesroot_sales was processed [] []
[2023-09-14T17:30:42.523693+00:00] main.INFO: Add of item with id Magento_Reports::report_salesroot_tax was processed [] []
[2023-09-14T17:30:42.523887+00:00] main.INFO: Add of item with id Magento_Reports::report_salesroot_invoiced was processed [] []
[2023-09-14T17:30:42.524078+00:00] main.INFO: Add of item with id Magento_Reports::report_salesroot_shipping was processed [] []
[2023-09-14T17:30:42.524334+00:00] main.INFO: Add of item with id Magento_Reports::report_salesroot_refunded was processed [] []
[2023-09-14T17:30:42.524535+00:00] main.INFO: Add of item with id Magento_Reports::report_salesroot_coupons was processed [] []
[2023-09-14T17:30:42.524749+00:00] main.INFO: Add of item with id Magento_Reports::report_shopcart_product was processed [] []
[2023-09-14T17:30:42.524949+00:00] main.INFO: Add of item with id Magento_Reports::report_shopcart_abandoned was processed [] []
[2023-09-14T17:30:42.525141+00:00] main.INFO: Add of item with id Magento_Reports::report_products was processed [] []
[2023-09-14T17:30:42.525333+00:00] main.INFO: Add of item with id Magento_Reports::report_products_bestsellers was processed [] []
[2023-09-14T17:30:42.525525+00:00] main.INFO: Add of item with id Magento_Reports::report_products_sold was processed [] []
[2023-09-14T17:30:42.525715+00:00] main.INFO: Add of item with id Magento_Reports::report_products_viewed was processed [] []
[2023-09-14T17:30:42.525906+00:00] main.INFO: Add of item with id Magento_Reports::report_products_lowstock was processed [] []
[2023-09-14T17:30:42.526095+00:00] main.INFO: Add of item with id Magento_Reports::report_customers was processed [] []
[2023-09-14T17:30:42.526309+00:00] main.INFO: Add of item with id Magento_Reports::report_customers_accounts was processed [] []
[2023-09-14T17:30:42.526508+00:00] main.INFO: Add of item with id Magento_Reports::report_customers_totals was processed [] []
[2023-09-14T17:30:42.526700+00:00] main.INFO: Add of item with id Magento_Reports::report_customers_orders was processed [] []
[2023-09-14T17:30:42.526890+00:00] main.INFO: Add of item with id Magento_Reports::report_statistics was processed [] []
[2023-09-14T17:30:42.527104+00:00] main.INFO: Add of item with id Magento_Reports::report_statistics_refresh was processed [] []
[2023-09-14T17:30:42.527303+00:00] main.INFO: Add of item with id Magento_Search::report_search_term was processed [] []
[2023-09-14T17:30:42.527495+00:00] main.INFO: Add of item with id Magento_LoginAsCustomerLog::login_log was processed [] []
[2023-09-14T17:30:42.527686+00:00] main.INFO: Add of item with id Magento_Marketplace::partners was processed [] []
[2023-09-14T17:30:42.527878+00:00] main.INFO: Add of item with id Magento_Newsletter::newsletter_template was processed [] []
[2023-09-14T17:30:42.528069+00:00] main.INFO: Add of item with id Magento_Newsletter::newsletter_queue was processed [] []
[2023-09-14T17:30:42.528259+00:00] main.INFO: Add of item with id Magento_Newsletter::newsletter_subscriber was processed [] []
[2023-09-14T17:30:42.528448+00:00] main.INFO: Add of item with id Magento_Newsletter::newsletter_problem was processed [] []
[2023-09-14T17:30:42.528641+00:00] main.INFO: Add of item with id Magento_SalesRule::promo_quote was processed [] []
[2023-09-14T17:30:42.528839+00:00] main.INFO: Add of item with id Magento_Sitemap::catalog_sitemap was processed [] []
[2023-09-14T17:30:42.529032+00:00] main.INFO: Add of item with id Magento_PageBuilder::templates was processed [] []
[2023-09-14T17:30:42.529222+00:00] main.INFO: Add of item with id Magento_Paypal::report_salesroot_paypal_settlement_reports was processed [] []
[2023-09-14T17:30:42.529413+00:00] main.INFO: Add of item with id Magento_Paypal::paypal_billing_agreement was processed [] []
[2023-09-14T17:30:42.529604+00:00] main.INFO: Add of item with id Magento_CheckoutAgreements::sales_checkoutagreement was processed [] []
[2023-09-14T17:30:42.529794+00:00] main.INFO: Add of item with id Magento_Review::catalog_reviews_ratings_ratings was processed [] []
[2023-09-14T17:30:42.530008+00:00] main.INFO: Add of item with id Magento_Review::catalog_reviews_ratings_pending was processed [] []
[2023-09-14T17:30:42.530207+00:00] main.INFO: Add of item with id Magento_Review::catalog_reviews_ratings_reviews_all was processed [] []
[2023-09-14T17:30:42.530399+00:00] main.INFO: Add of item with id Magento_Review::report_review was processed [] []
[2023-09-14T17:30:42.530613+00:00] main.INFO: Add of item with id Magento_Review::report_review_customer was processed [] []
[2023-09-14T17:30:42.530813+00:00] main.INFO: Add of item with id Magento_Review::report_review_product was processed [] []
[2023-09-14T17:30:42.531005+00:00] main.INFO: Add of item with id Magento_UrlRewrite::urlrewrite was processed [] []
[2023-09-14T17:30:42.531197+00:00] main.INFO: Add of item with id Magento_Tax::sales_tax was processed [] []
[2023-09-14T17:30:42.531411+00:00] main.INFO: Add of item with id Magento_Tax::sales_tax_rules was processed [] []
[2023-09-14T17:30:42.531610+00:00] main.INFO: Add of item with id Magento_Tax::sales_tax_rates was processed [] []
[2023-09-14T17:30:42.531801+00:00] main.INFO: Add of item with id Magento_TaxImportExport::system_convert_tax was processed [] []
[2023-09-14T17:30:42.531992+00:00] main.INFO: Add of item with id Magento_AsynchronousOperations::system_magento_logging was processed [] []
[2023-09-14T17:30:42.532207+00:00] main.INFO: Add of item with id Magento_AsynchronousOperations::system_magento_logging_bulk_operations was processed [] []
[2023-09-14T17:30:42.532406+00:00] main.INFO: Add of item with id Magento_CurrencySymbol::system_currency was processed [] []
[2023-09-14T17:30:42.532621+00:00] main.INFO: Add of item with id Magento_CurrencySymbol::system_currency_rates was processed [] []
[2023-09-14T17:30:42.532820+00:00] main.INFO: Add of item with id Magento_CurrencySymbol::system_currency_symbols was processed [] []
[2023-09-14T17:30:42.533012+00:00] main.INFO: Add of item with id PayPal_Braintree::settlement_report was processed [] []
[2023-09-14T17:30:42.533203+00:00] main.INFO: Add of item with id PayPal_Braintree::virtual_terminal was processed [] []
[2023-09-14T17:37:21.799637+00:00] main.WARNING: Memory size allocated for the temporary table is more than 20% of innodb_buffer_pool_size. Please update innodb_buffer_pool_size or decrease batch size value (which decreases memory usages for the temporary table). Current batch size: 5000; Allocated memory size: 4000000 bytes; InnoDB buffer pool size: 16777216 bytes. [] []
[2023-09-14T17:37:21.803100+00:00] main.WARNING: Memory size allocated for the temporary table is more than 20% of innodb_buffer_pool_size. Please update innodb_buffer_pool_size or decrease batch size value (which decreases memory usages for the temporary table). Current batch size: 5000; Allocated memory size: 4000000 bytes; InnoDB buffer pool size: 16777216 bytes. [] []
[2023-09-14T17:37:21.805815+00:00] main.WARNING: Memory size allocated for the temporary table is more than 20% of innodb_buffer_pool_size. Please update innodb_buffer_pool_size or decrease batch size value (which decreases memory usages for the temporary table). Current batch size: 5000; Allocated memory size: 4000000 bytes; InnoDB buffer pool size: 16777216 bytes. [] []
[2023-09-14T17:39:20.028802+00:00] main.ERROR: Sample Data error: Warning: file_get_contents(C:/xampp/htdocs/magento2/pub/media/downloadable/files/links/l/u/luma_background_-_model_against_fence_4_sec_.mp4): Failed to open stream: No such file or directory in C:\xampp\htdocs\magento2\vendor\magento\module-downloadable-sample-data\Model\Product\Converter.php on line 132 [] []
[2023-09-14T17:41:40.989392+00:00] main.WARNING: Memory size allocated for the temporary table is more than 20% of innodb_buffer_pool_size. Please update innodb_buffer_pool_size or decrease batch size value (which decreases memory usages for the temporary table). Current batch size: 100000; Allocated memory size: 50000000 bytes; InnoDB buffer pool size: 16777216 bytes. [] []
[2023-09-14T17:41:41.081802+00:00] main.WARNING: Memory size allocated for the temporary table is more than 20% of innodb_buffer_pool_size. Please update innodb_buffer_pool_size or decrease batch size value (which decreases memory usages for the temporary table). Current batch size: 100000; Allocated memory size: 50000000 bytes; InnoDB buffer pool size: 16777216 bytes. [] []
[2023-09-14T17:41:41.152690+00:00] main.WARNING: Memory size allocated for the temporary table is more than 20% of innodb_buffer_pool_size. Please update innodb_buffer_pool_size or decrease batch size value (which decreases memory usages for the temporary table). Current batch size: 100000; Allocated memory size: 50000000 bytes; InnoDB buffer pool size: 16777216 bytes. [] []
[2023-09-14T17:41:41.352962+00:00] main.WARNING: Memory size allocated for the temporary table is more than 20% of innodb_buffer_pool_size. Please update innodb_buffer_pool_size or decrease batch size value (which decreases memory usages for the temporary table). Current batch size: 100000; Allocated memory size: 50000000 bytes; InnoDB buffer pool size: 16777216 bytes. [] []
[2023-09-14T17:41:41.413854+00:00] main.WARNING: Memory size allocated for the temporary table is more than 20% of innodb_buffer_pool_size. Please update innodb_buffer_pool_size or decrease batch size value (which decreases memory usages for the temporary table). Current batch size: 100000; Allocated memory size: 50000000 bytes; InnoDB buffer pool size: 16777216 bytes. [] []
[2023-09-14T17:41:41.483378+00:00] main.WARNING: Memory size allocated for the temporary table is more than 20% of innodb_buffer_pool_size. Please update innodb_buffer_pool_size or decrease batch size value (which decreases memory usages for the temporary table). Current batch size: 100000; Allocated memory size: 50000000 bytes; InnoDB buffer pool size: 16777216 bytes. [] []
[2023-09-14T17:41:42.172029+00:00] main.WARNING: Memory size allocated for the temporary table is more than 20% of innodb_buffer_pool_size. Please update innodb_buffer_pool_size or decrease batch size value (which decreases memory usages for the temporary table). Current batch size: 1000; Allocated memory size: 4500000 bytes; InnoDB buffer pool size: 16777216 bytes. [] []
[2023-09-14T17:41:44.216992+00:00] main.WARNING: Memory size allocated for the temporary table is more than 20% of innodb_buffer_pool_size. Please update innodb_buffer_pool_size or decrease batch size value (which decreases memory usages for the temporary table). Current batch size: 5000; Allocated memory size: 4000000 bytes; InnoDB buffer pool size: 16777216 bytes. [] []
[2023-09-14T17:41:44.221379+00:00] main.WARNING: Memory size allocated for the temporary table is more than 20% of innodb_buffer_pool_size. Please update innodb_buffer_pool_size or decrease batch size value (which decreases memory usages for the temporary table). Current batch size: 5000; Allocated memory size: 4000000 bytes; InnoDB buffer pool size: 16777216 bytes. [] []
[2023-09-14T17:41:48.487070+00:00] main.WARNING: Memory size allocated for the temporary table is more than 20% of innodb_buffer_pool_size. Please update innodb_buffer_pool_size or decrease batch size value (which decreases memory usages for the temporary table). Current batch size: 5000; Allocated memory size: 4000000 bytes; InnoDB buffer pool size: 16777216 bytes. [] []
[2023-09-14T17:41:48.494520+00:00] main.WARNING: Memory size allocated for the temporary table is more than 20% of innodb_buffer_pool_size. Please update innodb_buffer_pool_size or decrease batch size value (which decreases memory usages for the temporary table). Current batch size: 3334; Allocated memory size: 40008000 bytes; InnoDB buffer pool size: 16777216 bytes. [] []
[2023-09-14T17:41:49.528004+00:00] main.WARNING: Memory size allocated for the temporary table is more than 20% of innodb_buffer_pool_size. Please update innodb_buffer_pool_size or decrease batch size value (which decreases memory usages for the temporary table). Current batch size: 334; Allocated memory size: 4008000 bytes; InnoDB buffer pool size: 16777216 bytes. [] []
[2023-09-14T17:41:49.572133+00:00] main.WARNING: Memory size allocated for the temporary table is more than 20% of innodb_buffer_pool_size. Please update innodb_buffer_pool_size or decrease batch size value (which decreases memory usages for the temporary table). Current batch size: 334; Allocated memory size: 4008000 bytes; InnoDB buffer pool size: 16777216 bytes. [] []
[2023-09-14T17:44:32.982886+00:00] main.INFO: Item Magento_Backend::system_currency was removed [] []
[2023-09-14T17:44:32.992121+00:00] main.INFO: Add of item with id Magento_Config::system_config was processed [] []
[2023-09-14T17:44:32.992414+00:00] main.INFO: Add of item with id Magento_AdminNotification::system_adminnotification was processed [] []
[2023-09-14T17:44:32.992664+00:00] main.INFO: Add of item with id Magento_Theme::design_config was processed [] []
[2023-09-14T17:44:32.992882+00:00] main.INFO: Add of item with id Magento_Theme::system_design_theme was processed [] []
[2023-09-14T17:44:32.993089+00:00] main.INFO: Add of item with id Magento_Backend::system_design_schedule was processed [] []
[2023-09-14T17:44:32.993291+00:00] main.INFO: Add of item with id Magento_Backend::system_store was processed [] []
[2023-09-14T17:44:32.993491+00:00] main.INFO: Add of item with id Magento_Backend::dashboard was processed [] []
[2023-09-14T17:44:32.993689+00:00] main.INFO: Add of item with id Magento_Backend::system was processed [] []
[2023-09-14T17:44:32.993911+00:00] main.INFO: Add of item with id Magento_Backend::system_tools was processed [] []
[2023-09-14T17:44:32.994139+00:00] main.INFO: Add of item with id Magento_Backend::system_design was processed [] []
[2023-09-14T17:44:32.994343+00:00] main.INFO: Add of item with id Magento_Backend::system_convert was processed [] []
[2023-09-14T17:44:32.994565+00:00] main.INFO: Add of item with id Magento_Backend::system_cache was processed [] []
[2023-09-14T17:44:32.994768+00:00] main.INFO: Add of item with id Magento_Backend::marketing was processed [] []
[2023-09-14T17:44:32.994988+00:00] main.INFO: Add of item with id Magento_Backend::marketing_communications was processed [] []
[2023-09-14T17:44:32.995192+00:00] main.INFO: Add of item with id Magento_Backend::marketing_seo was processed [] []
[2023-09-14T17:44:32.995389+00:00] main.INFO: Add of item with id Magento_Backend::marketing_user_content was processed [] []
[2023-09-14T17:44:32.995585+00:00] main.INFO: Add of item with id Magento_Backend::content was processed [] []
[2023-09-14T17:44:32.995781+00:00] main.INFO: Add of item with id Magento_Backend::content_elements was processed [] []
[2023-09-14T17:44:32.995977+00:00] main.INFO: Add of item with id Magento_Backend::stores was processed [] []
[2023-09-14T17:44:32.996196+00:00] main.INFO: Add of item with id Magento_Backend::stores_settings was processed [] []
[2023-09-14T17:44:32.996401+00:00] main.INFO: Add of item with id Magento_Backend::stores_attributes was processed [] []
[2023-09-14T17:44:32.996599+00:00] main.INFO: Add of item with id Magento_Backend::other_settings was processed [] []
[2023-09-14T17:44:32.996795+00:00] main.INFO: Add of item with id Magento_Backend::system_other_settings was processed [] []
[2023-09-14T17:44:32.996991+00:00] main.INFO: Add of item with id Magento_User::system_acl was processed [] []
[2023-09-14T17:44:32.997254+00:00] main.INFO: Add of item with id Magento_User::system_acl_users was processed [] []
[2023-09-14T17:44:32.997461+00:00] main.INFO: Add of item with id Magento_User::system_acl_roles was processed [] []
[2023-09-14T17:44:32.997657+00:00] main.INFO: Add of item with id Magento_User::system_acl_locks was processed [] []
[2023-09-14T17:44:32.997851+00:00] main.INFO: Add of item with id Magento_Customer::customer was processed [] []
[2023-09-14T17:44:32.998070+00:00] main.INFO: Add of item with id Magento_Customer::customer_manage was processed [] []
[2023-09-14T17:44:32.998273+00:00] main.INFO: Add of item with id Magento_Customer::customer_online was processed [] []
[2023-09-14T17:44:32.998643+00:00] main.INFO: Add of item with id Magento_Customer::customer_group was processed [] []
[2023-09-14T17:44:32.999073+00:00] main.INFO: Add of item with id Magento_Backup::system_tools_backup was processed [] []
[2023-09-14T17:44:32.999417+00:00] main.INFO: Add of item with id Magento_Indexer::system_index was processed [] []
[2023-09-14T17:44:32.999678+00:00] main.INFO: Add of item with id Magento_Variable::system_variable was processed [] []
[2023-09-14T17:44:33.000044+00:00] main.INFO: Add of item with id Magento_Cms::cms_page was processed [] []
[2023-09-14T17:44:33.000339+00:00] main.INFO: Add of item with id Magento_Cms::cms_block was processed [] []
[2023-09-14T17:44:33.000620+00:00] main.INFO: Add of item with id Magento_Catalog::catalog was processed [] []
[2023-09-14T17:44:33.001130+00:00] main.INFO: Add of item with id Magento_Catalog::catalog_products was processed [] []
[2023-09-14T17:44:33.001365+00:00] main.INFO: Add of item with id Magento_Catalog::catalog_categories was processed [] []
[2023-09-14T17:44:33.001606+00:00] main.INFO: Add of item with id Magento_Catalog::catalog_attributes_attributes was processed [] []
[2023-09-14T17:44:33.001825+00:00] main.INFO: Add of item with id Magento_Catalog::catalog_attributes_sets was processed [] []
[2023-09-14T17:44:33.002056+00:00] main.INFO: Add of item with id Magento_Catalog::inventory was processed [] []
[2023-09-14T17:44:33.002291+00:00] main.INFO: Add of item with id Magento_Search::search_terms was processed [] []
[2023-09-14T17:44:33.002501+00:00] main.INFO: Add of item with id Magento_Search::search_synonyms was processed [] []
[2023-09-14T17:44:33.002703+00:00] main.INFO: Add of item with id Magento_CatalogRule::promo was processed [] []
[2023-09-14T17:44:33.002928+00:00] main.INFO: Add of item with id Magento_CatalogRule::promo_catalog was processed [] []
[2023-09-14T17:44:33.003135+00:00] main.INFO: Add of item with id Magento_Sales::sales was processed [] []
[2023-09-14T17:44:33.003359+00:00] main.INFO: Add of item with id Magento_Sales::sales_operation was processed [] []
[2023-09-14T17:44:33.003589+00:00] main.INFO: Add of item with id Magento_Sales::sales_order was processed [] []
[2023-09-14T17:44:33.003796+00:00] main.INFO: Add of item with id Magento_Sales::sales_invoice was processed [] []
[2023-09-14T17:44:33.003995+00:00] main.INFO: Add of item with id Magento_Sales::sales_shipment was processed [] []
[2023-09-14T17:44:33.004194+00:00] main.INFO: Add of item with id Magento_Sales::sales_creditmemo was processed [] []
[2023-09-14T17:44:33.004392+00:00] main.INFO: Add of item with id Magento_Sales::sales_transactions was processed [] []
[2023-09-14T17:44:33.004590+00:00] main.INFO: Add of item with id Magento_Sales::system_order_statuses was processed [] []
[2023-09-14T17:44:33.004788+00:00] main.INFO: Add of item with id Magento_MediaGalleryUi::media was processed [] []
[2023-09-14T17:44:33.005010+00:00] main.INFO: Add of item with id Magento_MediaGalleryUi::media_gallery was processed [] []
[2023-09-14T17:44:33.005238+00:00] main.INFO: Add of item with id Magento_Downloadable::report_products_downloads was processed [] []
[2023-09-14T17:44:33.005445+00:00] main.INFO: Add of item with id Magento_Integration::system_extensions was processed [] []
[2023-09-14T17:44:33.005669+00:00] main.INFO: Add of item with id Magento_Integration::system_integrations was processed [] []
[2023-09-14T17:44:33.005912+00:00] main.INFO: Add of item with id Magento_UrlRewrite::urlrewrite was processed [] []
[2023-09-14T17:44:33.006116+00:00] main.INFO: Add of item with id Magento_Tax::sales_tax was processed [] []
[2023-09-14T17:44:33.006341+00:00] main.INFO: Add of item with id Magento_Tax::sales_tax_rules was processed [] []
[2023-09-14T17:44:33.006547+00:00] main.INFO: Add of item with id Magento_Tax::sales_tax_rates was processed [] []
[2023-09-14T17:44:33.006771+00:00] main.INFO: Add of item with id Magento_Widget::cms_widget_instance was processed [] []
[2023-09-14T17:44:33.006992+00:00] main.INFO: Add of item with id Magento_Analytics::business_intelligence was processed [] []
[2023-09-14T17:44:33.007220+00:00] main.INFO: Add of item with id Magento_Analytics::advanced_reporting was processed [] []
[2023-09-14T17:44:33.007426+00:00] main.INFO: Add of item with id Magento_Analytics::bi_essentials was processed [] []
[2023-09-14T17:44:33.007648+00:00] main.INFO: Add of item with id Magento_ImportExport::system_convert_import was processed [] []
[2023-09-14T17:44:33.007892+00:00] main.INFO: Add of item with id Magento_ImportExport::system_convert_export was processed [] []
[2023-09-14T17:44:33.008100+00:00] main.INFO: Add of item with id Magento_ImportExport::system_convert_history was processed [] []
[2023-09-14T17:44:33.008326+00:00] main.INFO: Add of item with id Magento_Email::template was processed [] []
[2023-09-14T17:44:33.008533+00:00] main.INFO: Add of item with id Magento_EncryptionKey::system_crypt_key was processed [] []
[2023-09-14T17:44:33.008733+00:00] main.INFO: Add of item with id Magento_InventoryAdminUi::inventory was processed [] []
[2023-09-14T17:44:33.008955+00:00] main.INFO: Add of item with id Magento_InventoryAdminUi::source was processed [] []
[2023-09-14T17:44:33.009160+00:00] main.INFO: Add of item with id Magento_InventoryAdminUi::stock was processed [] []
[2023-09-14T17:44:33.009358+00:00] main.INFO: Add of item with id Magento_Reports::report was processed [] []
[2023-09-14T17:44:33.009555+00:00] main.INFO: Add of item with id Magento_Reports::report_marketing was processed [] []
[2023-09-14T17:44:33.009752+00:00] main.INFO: Add of item with id Magento_Reports::report_salesroot was processed [] []
[2023-09-14T17:44:33.009972+00:00] main.INFO: Add of item with id Magento_Reports::report_salesroot_sales was processed [] []
[2023-09-14T17:44:33.010175+00:00] main.INFO: Add of item with id Magento_Reports::report_salesroot_tax was processed [] []
[2023-09-14T17:44:33.010373+00:00] main.INFO: Add of item with id Magento_Reports::report_salesroot_invoiced was processed [] []
[2023-09-14T17:44:33.010567+00:00] main.INFO: Add of item with id Magento_Reports::report_salesroot_shipping was processed [] []
[2023-09-14T17:44:33.010762+00:00] main.INFO: Add of item with id Magento_Reports::report_salesroot_refunded was processed [] []
[2023-09-14T17:44:33.010956+00:00] main.INFO: Add of item with id Magento_Reports::report_salesroot_coupons was processed [] []
[2023-09-14T17:44:33.011174+00:00] main.INFO: Add of item with id Magento_Reports::report_shopcart_product was processed [] []
[2023-09-14T17:44:33.011377+00:00] main.INFO: Add of item with id Magento_Reports::report_shopcart_abandoned was processed [] []
[2023-09-14T17:44:33.011573+00:00] main.INFO: Add of item with id Magento_Reports::report_products was processed [] []
[2023-09-14T17:44:33.011769+00:00] main.INFO: Add of item with id Magento_Reports::report_products_bestsellers was processed [] []
[2023-09-14T17:44:33.011965+00:00] main.INFO: Add of item with id Magento_Reports::report_products_sold was processed [] []
[2023-09-14T17:44:33.012161+00:00] main.INFO: Add of item with id Magento_Reports::report_products_viewed was processed [] []
[2023-09-14T17:44:33.012356+00:00] main.INFO: Add of item with id Magento_Reports::report_products_lowstock was processed [] []
[2023-09-14T17:44:33.012551+00:00] main.INFO: Add of item with id Magento_Reports::report_customers was processed [] []
[2023-09-14T17:44:33.012774+00:00] main.INFO: Add of item with id Magento_Reports::report_customers_accounts was processed [] []
[2023-09-14T17:44:33.012980+00:00] main.INFO: Add of item with id Magento_Reports::report_customers_totals was processed [] []
[2023-09-14T17:44:33.013176+00:00] main.INFO: Add of item with id Magento_Reports::report_customers_orders was processed [] []
[2023-09-14T17:44:33.013371+00:00] main.INFO: Add of item with id Magento_Reports::report_statistics was processed [] []
[2023-09-14T17:44:33.013590+00:00] main.INFO: Add of item with id Magento_Reports::report_statistics_refresh was processed [] []
[2023-09-14T17:44:33.013794+00:00] main.INFO: Add of item with id Magento_Search::report_search_term was processed [] []
[2023-09-14T17:44:33.013991+00:00] main.INFO: Add of item with id Magento_LoginAsCustomerLog::login_log was processed [] []
[2023-09-14T17:44:33.014188+00:00] main.INFO: Add of item with id Magento_Marketplace::partners was processed [] []
[2023-09-14T17:44:33.014384+00:00] main.INFO: Add of item with id Magento_Newsletter::newsletter_template was processed [] []
[2023-09-14T17:44:33.014621+00:00] main.INFO: Add of item with id Magento_Newsletter::newsletter_queue was processed [] []
[2023-09-14T17:44:33.014827+00:00] main.INFO: Add of item with id Magento_Newsletter::newsletter_subscriber was processed [] []
[2023-09-14T17:44:33.015025+00:00] main.INFO: Add of item with id Magento_Newsletter::newsletter_problem was processed [] []
[2023-09-14T17:44:33.015453+00:00] main.INFO: Add of item with id Magento_SalesRule::promo_quote was processed [] []
[2023-09-14T17:44:33.015819+00:00] main.INFO: Add of item with id Magento_Sitemap::catalog_sitemap was processed [] []
[2023-09-14T17:44:33.016097+00:00] main.INFO: Add of item with id Magento_PageBuilder::templates was processed [] []
[2023-09-14T17:44:33.016362+00:00] main.INFO: Add of item with id Magento_Paypal::report_salesroot_paypal_settlement_reports was processed [] []
[2023-09-14T17:44:33.016634+00:00] main.INFO: Add of item with id Magento_Paypal::paypal_billing_agreement was processed [] []
[2023-09-14T17:44:33.016887+00:00] main.INFO: Add of item with id Magento_Review::catalog_reviews_ratings_ratings was processed [] []
[2023-09-14T17:44:33.017299+00:00] main.INFO: Add of item with id Magento_Review::catalog_reviews_ratings_pending was processed [] []
[2023-09-14T17:44:33.017506+00:00] main.INFO: Add of item with id Magento_Review::catalog_reviews_ratings_reviews_all was processed [] []
[2023-09-14T17:44:33.017826+00:00] main.INFO: Add of item with id Magento_Review::report_review was processed [] []
[2023-09-14T17:44:33.018098+00:00] main.INFO: Add of item with id Magento_Review::report_review_customer was processed [] []
[2023-09-14T17:44:33.018312+00:00] main.INFO: Add of item with id Magento_Review::report_review_product was processed [] []
[2023-09-14T17:44:33.018519+00:00] main.INFO: Add of item with id Magento_CheckoutAgreements::sales_checkoutagreement was processed [] []
[2023-09-14T17:44:33.018724+00:00] main.INFO: Add of item with id Magento_TaxImportExport::system_convert_tax was processed [] []
[2023-09-14T17:44:33.018936+00:00] main.INFO: Add of item with id Magento_AsynchronousOperations::system_magento_logging was processed [] []
[2023-09-14T17:44:33.019151+00:00] main.INFO: Add of item with id Magento_AsynchronousOperations::system_magento_logging_bulk_operations was processed [] []
[2023-09-14T17:44:33.019351+00:00] main.INFO: Add of item with id Magento_CurrencySymbol::system_currency was processed [] []
[2023-09-14T17:44:33.019566+00:00] main.INFO: Add of item with id Magento_CurrencySymbol::system_currency_rates was processed [] []
[2023-09-14T17:44:33.019765+00:00] main.INFO: Add of item with id Magento_CurrencySymbol::system_currency_symbols was processed [] []
[2023-09-14T17:44:33.019957+00:00] main.INFO: Add of item with id PayPal_Braintree::settlement_report was processed [] []
[2023-09-14T17:44:33.020147+00:00] main.INFO: Add of item with id PayPal_Braintree::virtual_terminal was processed [] []
